2021-12-05 21:18:40,695 [22] INFO Go.SMSA.Services.WebServices.SMSAOrderService - Remedy service called
2021-12-05 21:18:42,979 [22] INFO Go.SMSA.Services.WebServices.SMSAOrderService - {"ThreePLKey":"?","Login":"?","Password":"?","FacilityID":3,"CustomerID":4,"Name":"To whom it may concern1","CompanyName":"TestCompany","PhoneNumber1":"123456","Fax":"123456","EmailAddress1":"dadad","CustomerName":"3PL Central\"","Address1":"830 S. Pacific Coast Hwy","Address2":"Suite D208","City":"Test","State":"Test","Zip":"12343","Country":"SA","LTESKU":null,"SIMSKU":null,"LTEQualifier":null,"SIMQualifier":null,"SIMQty":null,"LTEQty":null,"Carrier":"UPS","Mode":"GROUND","BillingCode":"Prepaid","Account":"Test","OrderReferenceNumber":"15845777854"}
2021-12-05 21:18:47,462 [22] INFO Go.SMSA.Services.SMSAService - Remedy Order Create Request Received 
2021-12-05 21:18:47,566 [22] INFO Go.SMSA.Services.SMSAService - Request Payload:{"customerIdentifier":{"id":4},"facilityIdentifier":{"id":3},"referenceNum":"15845777854","billingCode":"Prepaid","routingInfo":{"carrier":"UPS","mode":"GROUND"},"shipTo":{"companyName":"TestCompany","name":"To whom it may concern1","address1":"830 S. Pacific Coast Hwy","address2":"Suite D208","city":"Test","state":"Test","zip":"12343","country":"SA"},"orderItems":[]}
2021-12-05 21:18:50,869 [22] INFO Go.SMSA.Services.SMSAService - Auth Response:{"access_token":"eyJ0eXAiOiJqd3QiLCJhbGciOiJIUzI1NiJ9.eyJleHAiOiIxNjM4NzAxMzI5IiwiaXNzIjoiaHR0cDovL3NlY3VyZS13bXMuY29tL0F1dGhTZXJ2ZXIiLCJhdWQiOiJodHRwOi8vc2VjdXJlLXdtcy5jb20iLCJodHRwOi8vc2NoZW1hcy5taWNyb3NvZnQuY29tL3dzLzIwMDgvMDYvaWRlbnRpdHkvY2xhaW1zL3JvbGUiOiJDdXN0b21lckVkaXQgQ3VzdG9tZXJWaWV3IEludmVudG9yeURldGFpbFZpZXcgSW52ZW50b3J5UmVhZCBJdGVtRWRpdCBJdGVtVmlldyBPcmRlckVkaXQgT3JkZXJWaWV3IFJlYWRQcm9wZXJ0aWVzVGhpcmRQYXJ0eSBSZWNlaXZlckVkaXQgUmVjZWl2ZXJWaWV3IiwiaHR0cDovL3d3dy4zcGxDZW50cmFsLmNvbS9BdXRoU2VydmVyL2NsYWltcy91c2VyaW5mbyI6ImV5SkRiR2xsYm5SSlpDSTZNVE1zSWtOc2FXVnVkRU4xYzNSdmJXVnlTV1FpT2pRc0lrTnNhV1Z1ZENJNklrWmxaRVY0SUZOTlUwRWdSWGh3Y21WemN5QW1JRXh2WjJsemRHbGpjeUlzSWxSb2NtVmxVR3hIZFdsa0lqb2lOMll5TmpJd05URXRZakk1TVMwME1XTmhMV0prWkRRdE5HUTNPVGd5T1RjeVpURmlJaXdpVkdoeVpXVlFiRWxrSWpvME9UZ3NJbFZ6WlhKTWIyZHBia2xrSWpveExDSlZjMlZ5VEc5bmFXNGlPaUpoZFhSdmJXRjBhVzl1SW4wPSJ9.C-MAow_YwbftHIU0g037ZLcxf7Sq2OidfmWfzwauerw","token_type":"Bearer","expires_in":3600,"refresh_token":null,"scope":null}
2021-12-05 21:18:51,661 [22] INFO Go.SMSA.Services.SMSAService - Response:{"$type":"WMS.V2.Generic.Models.Exceptions.ModelValidationException, WMS.V2.Generic.Models","ModelType":"Orm","Properties":[{"$type":"WMS.V2.Generic.Models.Exceptions.ModelProperty, WMS.V2.Generic.Models","Name":"WarehouseTransaction.ReferenceNum","Value":"15845777854"}],"ErrorCode":"Duplicate","Hint":"Reference Number is already in use. Must be unique for customer and transaction type.","ClassName":"ModelValidationException"}
2021-12-05 21:18:51,662 [22] INFO Go.SMSA.Services.SMSAService - Status Code:BadRequest
2021-12-05 21:18:51,663 [22] INFO Go.SMSA.Services.SMSAService - Status Description:Bad Request
2021-12-06 15:02:34,460 [6] INFO Go.SMSA.Services.WebServices.SMSAOrderService - Remedy service called
2021-12-06 15:02:40,456 [6] INFO Go.SMSA.Services.WebServices.SMSAOrderService - {"ThreePLKey":"?","Login":"?","Password":"?","FacilityID":3,"CustomerID":4,"Name":"To whom it may concern1","CompanyName":"TestCompany","PhoneNumber1":"123456","Fax":"123456","EmailAddress1":"dadad","CustomerName":"3PL Central\"","Address1":"830 S. Pacific Coast Hwy","Address2":"Suite D208","City":"Test","State":"Test","Zip":"12343","Country":"SA","LTESKU":null,"SIMSKU":null,"LTEQualifier":null,"SIMQualifier":null,"SIMQty":null,"LTEQty":null,"Carrier":"UPS","Mode":"GROUND","BillingCode":"Prepaid","Account":"Test","OrderReferenceNumber":"15845777854"}
2021-12-06 15:02:44,856 [6] INFO Go.SMSA.Services.SMSAService - Remedy Order Create Request Received 
2021-12-06 15:02:44,988 [6] INFO Go.SMSA.Services.SMSAService - Request Payload:{"customerIdentifier":{"id":4},"facilityIdentifier":{"id":3},"referenceNum":"15845777854","billingCode":"Prepaid","routingInfo":{"carrier":"UPS","mode":"GROUND"},"shipTo":{"companyName":"TestCompany","name":"To whom it may concern1","address1":"830 S. Pacific Coast Hwy","address2":"Suite D208","city":"Test","state":"Test","zip":"12343","country":"SA"},"orderItems":[]}
2021-12-06 15:02:49,498 [6] INFO Go.SMSA.Services.SMSAService - Auth Response:{"access_token":"eyJ0eXAiOiJqd3QiLCJhbGciOiJIUzI1NiJ9.eyJleHAiOiIxNjM4NzY1MTY5IiwiaXNzIjoiaHR0cDovL3NlY3VyZS13bXMuY29tL0F1dGhTZXJ2ZXIiLCJhdWQiOiJodHRwOi8vc2VjdXJlLXdtcy5jb20iLCJodHRwOi8vc2NoZW1hcy5taWNyb3NvZnQuY29tL3dzLzIwMDgvMDYvaWRlbnRpdHkvY2xhaW1zL3JvbGUiOiJDdXN0b21lckVkaXQgQ3VzdG9tZXJWaWV3IEludmVudG9yeURldGFpbFZpZXcgSW52ZW50b3J5UmVhZCBJdGVtRWRpdCBJdGVtVmlldyBPcmRlckVkaXQgT3JkZXJWaWV3IFJlYWRQcm9wZXJ0aWVzVGhpcmRQYXJ0eSBSZWNlaXZlckVkaXQgUmVjZWl2ZXJWaWV3IiwiaHR0cDovL3d3dy4zcGxDZW50cmFsLmNvbS9BdXRoU2VydmVyL2NsYWltcy91c2VyaW5mbyI6ImV5SkRiR2xsYm5SSlpDSTZNVE1zSWtOc2FXVnVkRU4xYzNSdmJXVnlTV1FpT2pRc0lrTnNhV1Z1ZENJNklrWmxaRVY0SUZOTlUwRWdSWGh3Y21WemN5QW1JRXh2WjJsemRHbGpjeUlzSWxSb2NtVmxVR3hIZFdsa0lqb2lOMll5TmpJd05URXRZakk1TVMwME1XTmhMV0prWkRRdE5HUTNPVGd5T1RjeVpURmlJaXdpVkdoeVpXVlFiRWxrSWpvME9UZ3NJbFZ6WlhKTWIyZHBia2xrSWpveExDSlZjMlZ5VEc5bmFXNGlPaUpoZFhSdmJXRjBhVzl1SW4wPSJ9.OHyS78n-HC1uZRyfYFcLVTDBtpuRVFAhN5NOPKBCaOg","token_type":"Bearer","expires_in":3600,"refresh_token":null,"scope":null}
2021-12-06 15:02:50,057 [6] INFO Go.SMSA.Services.SMSAService - Response:{"$type":"WMS.V2.Generic.Models.Exceptions.ModelValidationException, WMS.V2.Generic.Models","ModelType":"Orm","Properties":[{"$type":"WMS.V2.Generic.Models.Exceptions.ModelProperty, WMS.V2.Generic.Models","Name":"WarehouseTransaction.ReferenceNum","Value":"15845777854"}],"ErrorCode":"Duplicate","Hint":"Reference Number is already in use. Must be unique for customer and transaction type.","ClassName":"ModelValidationException"}
2021-12-06 15:02:50,058 [6] INFO Go.SMSA.Services.SMSAService - Status Code:BadRequest
2021-12-06 15:02:50,059 [6] INFO Go.SMSA.Services.SMSAService - Status Description:Bad Request
2021-12-06 15:02:58,112 [6] INFO Go.SMSA.Services.WebServices.SMSAOrderService - Remedy service called
2021-12-06 15:03:04,609 [6] INFO Go.SMSA.Services.WebServices.SMSAOrderService - {"ThreePLKey":"?","Login":"?","Password":"?","FacilityID":3,"CustomerID":4,"Name":"To whom it may concern1","CompanyName":"TestCompany","PhoneNumber1":"123456","Fax":"123456","EmailAddress1":"dadad","CustomerName":"3PL Central\"","Address1":"830 S. Pacific Coast Hwy","Address2":"Suite D208","City":"Test","State":"Test","Zip":"12343","Country":"SA","LTESKU":null,"SIMSKU":null,"LTEQualifier":null,"SIMQualifier":null,"SIMQty":null,"LTEQty":null,"Carrier":"UPS","Mode":"GROUND","BillingCode":"Prepaid","Account":"Test","OrderReferenceNumber":"15845777854"}
2021-12-06 15:03:04,625 [6] INFO Go.SMSA.Services.SMSAService - Remedy Order Create Request Received 
2021-12-06 15:03:04,629 [6] INFO Go.SMSA.Services.SMSAService - Request Payload:{"customerIdentifier":{"id":4},"facilityIdentifier":{"id":3},"referenceNum":"15845777854","billingCode":"Prepaid","routingInfo":{"carrier":"UPS","mode":"GROUND"},"shipTo":{"companyName":"TestCompany","name":"To whom it may concern1","address1":"830 S. Pacific Coast Hwy","address2":"Suite D208","city":"Test","state":"Test","zip":"12343","country":"SA"},"orderItems":[]}
2021-12-06 15:03:05,110 [6] INFO Go.SMSA.Services.SMSAService - Auth Response:{"access_token":"eyJ0eXAiOiJqd3QiLCJhbGciOiJIUzI1NiJ9.eyJleHAiOiIxNjM4NzY1MTg1IiwiaXNzIjoiaHR0cDovL3NlY3VyZS13bXMuY29tL0F1dGhTZXJ2ZXIiLCJhdWQiOiJodHRwOi8vc2VjdXJlLXdtcy5jb20iLCJodHRwOi8vc2NoZW1hcy5taWNyb3NvZnQuY29tL3dzLzIwMDgvMDYvaWRlbnRpdHkvY2xhaW1zL3JvbGUiOiJDdXN0b21lckVkaXQgQ3VzdG9tZXJWaWV3IEludmVudG9yeURldGFpbFZpZXcgSW52ZW50b3J5UmVhZCBJdGVtRWRpdCBJdGVtVmlldyBPcmRlckVkaXQgT3JkZXJWaWV3IFJlYWRQcm9wZXJ0aWVzVGhpcmRQYXJ0eSBSZWNlaXZlckVkaXQgUmVjZWl2ZXJWaWV3IiwiaHR0cDovL3d3dy4zcGxDZW50cmFsLmNvbS9BdXRoU2VydmVyL2NsYWltcy91c2VyaW5mbyI6ImV5SkRiR2xsYm5SSlpDSTZNVE1zSWtOc2FXVnVkRU4xYzNSdmJXVnlTV1FpT2pRc0lrTnNhV1Z1ZENJNklrWmxaRVY0SUZOTlUwRWdSWGh3Y21WemN5QW1JRXh2WjJsemRHbGpjeUlzSWxSb2NtVmxVR3hIZFdsa0lqb2lOMll5TmpJd05URXRZakk1TVMwME1XTmhMV0prWkRRdE5HUTNPVGd5T1RjeVpURmlJaXdpVkdoeVpXVlFiRWxrSWpvME9UZ3NJbFZ6WlhKTWIyZHBia2xrSWpveExDSlZjMlZ5VEc5bmFXNGlPaUpoZFhSdmJXRjBhVzl1SW4wPSJ9.nk5XJ19n4ZremIVp5r88szV09AhJYS-IFLWfaIKhiCs","token_type":"Bearer","expires_in":3600,"refresh_token":null,"scope":null}
2021-12-06 15:03:05,805 [6] INFO Go.SMSA.Services.SMSAService - Response:{"$type":"WMS.V2.Generic.Models.Exceptions.ModelValidationException, WMS.V2.Generic.Models","ModelType":"Orm","Properties":[{"$type":"WMS.V2.Generic.Models.Exceptions.ModelProperty, WMS.V2.Generic.Models","Name":"WarehouseTransaction.ReferenceNum","Value":"15845777854"}],"ErrorCode":"Duplicate","Hint":"Reference Number is already in use. Must be unique for customer and transaction type.","ClassName":"ModelValidationException"}
2021-12-06 15:03:05,836 [6] INFO Go.SMSA.Services.SMSAService - Status Code:BadRequest
2021-12-06 15:03:05,838 [6] INFO Go.SMSA.Services.SMSAService - Status Description:Bad Request
2021-12-06 15:08:02,077 [6] INFO Go.SMSA.Services.WebServices.SMSAOrderService - Remedy service called
2021-12-06 15:08:02,788 [6] INFO Go.SMSA.Services.WebServices.SMSAOrderService - {"ThreePLKey":"?","Login":"?","Password":"?","FacilityID":3,"CustomerID":4,"Name":"To whom it may concern1","CompanyName":"TestCompany","PhoneNumber1":"123456","Fax":"123456","EmailAddress1":"dadad","CustomerName":"3PL Central\"","Address1":"830 S. Pacific Coast Hwy","Address2":"Suite D208","City":"Test","State":"Test","Zip":"12343","Country":"SA","LTESKU":null,"SIMSKU":null,"LTEQualifier":null,"SIMQualifier":null,"SIMQty":null,"LTEQty":null,"Carrier":"UPS","Mode":"GROUND","BillingCode":"Prepaid","Account":"Test","OrderReferenceNumber":"15845777854"}
2021-12-06 15:08:02,815 [6] INFO Go.SMSA.Services.SMSAService - Remedy Order Create Request Received 
2021-12-06 15:08:02,876 [6] INFO Go.SMSA.Services.SMSAService - Request Payload:{"customerIdentifier":{"id":4},"facilityIdentifier":{"id":3},"referenceNum":"15845777854","billingCode":"Prepaid","routingInfo":{"carrier":"UPS","mode":"GROUND"},"shipTo":{"companyName":"TestCompany","name":"To whom it may concern1","address1":"830 S. Pacific Coast Hwy","address2":"Suite D208","city":"Test","state":"Test","zip":"12343","country":"SA"},"orderItems":[]}
2021-12-06 15:08:06,894 [6] INFO Go.SMSA.Services.SMSAService - Auth Response:{"access_token":"eyJ0eXAiOiJqd3QiLCJhbGciOiJIUzI1NiJ9.eyJleHAiOiIxNjM4NzY1NDg2IiwiaXNzIjoiaHR0cDovL3NlY3VyZS13bXMuY29tL0F1dGhTZXJ2ZXIiLCJhdWQiOiJodHRwOi8vc2VjdXJlLXdtcy5jb20iLCJodHRwOi8vc2NoZW1hcy5taWNyb3NvZnQuY29tL3dzLzIwMDgvMDYvaWRlbnRpdHkvY2xhaW1zL3JvbGUiOiJDdXN0b21lckVkaXQgQ3VzdG9tZXJWaWV3IEludmVudG9yeURldGFpbFZpZXcgSW52ZW50b3J5UmVhZCBJdGVtRWRpdCBJdGVtVmlldyBPcmRlckVkaXQgT3JkZXJWaWV3IFJlYWRQcm9wZXJ0aWVzVGhpcmRQYXJ0eSBSZWNlaXZlckVkaXQgUmVjZWl2ZXJWaWV3IiwiaHR0cDovL3d3dy4zcGxDZW50cmFsLmNvbS9BdXRoU2VydmVyL2NsYWltcy91c2VyaW5mbyI6ImV5SkRiR2xsYm5SSlpDSTZNVE1zSWtOc2FXVnVkRU4xYzNSdmJXVnlTV1FpT2pRc0lrTnNhV1Z1ZENJNklrWmxaRVY0SUZOTlUwRWdSWGh3Y21WemN5QW1JRXh2WjJsemRHbGpjeUlzSWxSb2NtVmxVR3hIZFdsa0lqb2lOMll5TmpJd05URXRZakk1TVMwME1XTmhMV0prWkRRdE5HUTNPVGd5T1RjeVpURmlJaXdpVkdoeVpXVlFiRWxrSWpvME9UZ3NJbFZ6WlhKTWIyZHBia2xrSWpveExDSlZjMlZ5VEc5bmFXNGlPaUpoZFhSdmJXRjBhVzl1SW4wPSJ9.oAn7ySHvrrBtGcEhkFIfvK-zfHA6UkmCtrewk5DVzf4","token_type":"Bearer","expires_in":3600,"refresh_token":null,"scope":null}
2021-12-06 15:08:07,598 [6] INFO Go.SMSA.Services.SMSAService - Response:{"$type":"WMS.V2.Generic.Models.Exceptions.ModelValidationException, WMS.V2.Generic.Models","ModelType":"Orm","Properties":[{"$type":"WMS.V2.Generic.Models.Exceptions.ModelProperty, WMS.V2.Generic.Models","Name":"WarehouseTransaction.ReferenceNum","Value":"15845777854"}],"ErrorCode":"Duplicate","Hint":"Reference Number is already in use. Must be unique for customer and transaction type.","ClassName":"ModelValidationException"}
2021-12-06 15:08:07,599 [6] INFO Go.SMSA.Services.SMSAService - Status Code:BadRequest
2021-12-06 15:08:07,600 [6] INFO Go.SMSA.Services.SMSAService - Status Description:Bad Request
2021-12-06 15:08:38,986 [6] INFO Go.SMSA.Services.WebServices.SMSAOrderService - Remedy service called
2021-12-06 15:08:38,990 [6] INFO Go.SMSA.Services.WebServices.SMSAOrderService - {"ThreePLKey":"?","Login":"?","Password":"?","FacilityID":3,"CustomerID":4,"Name":"To whom it may concern1","CompanyName":"TestCompany","PhoneNumber1":"123456","Fax":"123456","EmailAddress1":"dadad","CustomerName":"3PL Central\"","Address1":"830 S. Pacific Coast Hwy","Address2":"Suite D208","City":"Test","State":"Test","Zip":"12343","Country":"SA","LTESKU":null,"SIMSKU":null,"LTEQualifier":null,"SIMQualifier":null,"SIMQty":null,"LTEQty":null,"Carrier":"UPS","Mode":"GROUND","BillingCode":"Prepaid","Account":"Test","OrderReferenceNumber":"15845777854"}
2021-12-06 15:08:38,992 [6] INFO Go.SMSA.Services.SMSAService - Remedy Order Create Request Received 
2021-12-06 15:08:39,022 [6] INFO Go.SMSA.Services.SMSAService - Request Payload:{"customerIdentifier":{"id":4},"facilityIdentifier":{"id":3},"referenceNum":"15845777854","billingCode":"Prepaid","routingInfo":{"carrier":"UPS","mode":"GROUND"},"shipTo":{"companyName":"TestCompany","name":"To whom it may concern1","address1":"830 S. Pacific Coast Hwy","address2":"Suite D208","city":"Test","state":"Test","zip":"12343","country":"SA"},"orderItems":[]}
2021-12-06 15:08:39,340 [6] INFO Go.SMSA.Services.SMSAService - Auth Response:{"access_token":"eyJ0eXAiOiJqd3QiLCJhbGciOiJIUzI1NiJ9.eyJleHAiOiIxNjM4NzY1NTE5IiwiaXNzIjoiaHR0cDovL3NlY3VyZS13bXMuY29tL0F1dGhTZXJ2ZXIiLCJhdWQiOiJodHRwOi8vc2VjdXJlLXdtcy5jb20iLCJodHRwOi8vc2NoZW1hcy5taWNyb3NvZnQuY29tL3dzLzIwMDgvMDYvaWRlbnRpdHkvY2xhaW1zL3JvbGUiOiJDdXN0b21lckVkaXQgQ3VzdG9tZXJWaWV3IEludmVudG9yeURldGFpbFZpZXcgSW52ZW50b3J5UmVhZCBJdGVtRWRpdCBJdGVtVmlldyBPcmRlckVkaXQgT3JkZXJWaWV3IFJlYWRQcm9wZXJ0aWVzVGhpcmRQYXJ0eSBSZWNlaXZlckVkaXQgUmVjZWl2ZXJWaWV3IiwiaHR0cDovL3d3dy4zcGxDZW50cmFsLmNvbS9BdXRoU2VydmVyL2NsYWltcy91c2VyaW5mbyI6ImV5SkRiR2xsYm5SSlpDSTZNVE1zSWtOc2FXVnVkRU4xYzNSdmJXVnlTV1FpT2pRc0lrTnNhV1Z1ZENJNklrWmxaRVY0SUZOTlUwRWdSWGh3Y21WemN5QW1JRXh2WjJsemRHbGpjeUlzSWxSb2NtVmxVR3hIZFdsa0lqb2lOMll5TmpJd05URXRZakk1TVMwME1XTmhMV0prWkRRdE5HUTNPVGd5T1RjeVpURmlJaXdpVkdoeVpXVlFiRWxrSWpvME9UZ3NJbFZ6WlhKTWIyZHBia2xrSWpveExDSlZjMlZ5VEc5bmFXNGlPaUpoZFhSdmJXRjBhVzl1SW4wPSJ9.njiJ9Xcj771v_d9U18n2g6qd4HcVOEK1xEwS3a5hJ0o","token_type":"Bearer","expires_in":3600,"refresh_token":null,"scope":null}
2021-12-06 15:08:39,886 [6] INFO Go.SMSA.Services.SMSAService - Response:{"$type":"WMS.V2.Generic.Models.Exceptions.ModelValidationException, WMS.V2.Generic.Models","ModelType":"Orm","Properties":[{"$type":"WMS.V2.Generic.Models.Exceptions.ModelProperty, WMS.V2.Generic.Models","Name":"WarehouseTransaction.ReferenceNum","Value":"15845777854"}],"ErrorCode":"Duplicate","Hint":"Reference Number is already in use. Must be unique for customer and transaction type.","ClassName":"ModelValidationException"}
2021-12-06 15:08:39,888 [6] INFO Go.SMSA.Services.SMSAService - Status Code:BadRequest
2021-12-06 15:08:39,890 [6] INFO Go.SMSA.Services.SMSAService - Status Description:Bad Request
2021-12-09 13:10:09,313 [7] ERROR Go.SMSA.Services.SMSAService - An error occurred while executing the command definition. See the inner exception for details. Oracle.ManagedDataAccess.Client.OracleException (0x80004005): ORA-06550: line 1, column 7:
PLS-00201: identifier 'CADB.EQUIPMENT_SIM_DETAILS' must be declared
ORA-06550: line 1, column 7:
PL/SQL: Statement ignored
   at OracleInternal.ServiceObjects.OracleConnectionImpl.VerifyExecution(Int32& cursorId, Boolean bThrowArrayBindRelatedErrors, SqlStatementType sqlStatementType, Int32 arrayBindCount, OracleException& exceptionForArrayBindDML, Boolean& hasMoreRowsInDB, Boolean bFirstIterationDone)
   at OracleInternal.ServiceObjects.OracleCommandImpl.ExecuteReader(String commandText, OracleParameterCollection paramColl, CommandType commandType, OracleConnectionImpl connectionImpl, OracleDataReaderImpl& rdrImpl, Int32 longFetchSize, Int64 clientInitialLOBFS, OracleDependencyImpl orclDependencyImpl, Int64[] scnForExecution, Int64[]& scnFromExecution, OracleParameterCollection& bindByPositionParamColl, Boolean& bBindParamPresent, Int64& internalInitialLOBFS, Int64 internalInitialJSONFS, OracleException& exceptionForArrayBindDML, OracleConnection connection, OracleLogicalTransaction& oracleLogicalTransaction, IEnumerable`1 adrianParsedStmt, Boolean isDescribeOnly, Boolean isFromEF)
   at Oracle.ManagedDataAccess.Client.OracleCommand.ExecuteReader(Boolean requery, Boolean fillRequest, CommandBehavior behavior)
   at Oracle.ManagedDataAccess.Client.OracleCommand.ExecuteDbDataReader(CommandBehavior behavior)
   at System.Data.Common.DbCommand.ExecuteReader(CommandBehavior behavior)
   at System.Data.Entity.Infrastructure.Interception.DbCommandDispatcher.<>c__DisplayClassb.<Reader>b__8()
   at System.Data.Entity.Infrastructure.Interception.InternalDispatcher`1.Dispatch[TInterceptionContext,TResult](Func`1 operation, TInterceptionContext interceptionContext, Action`1 executing, Action`1 executed)
   at System.Data.Entity.Infrastructure.Interception.DbCommandDispatcher.Reader(DbCommand command, DbCommandInterceptionContext interceptionContext)
   at System.Data.Entity.Internal.InterceptableDbCommand.ExecuteDbDataReader(CommandBehavior behavior)
   at System.Data.Common.DbCommand.ExecuteReader(CommandBehavior behavior)
   at System.Data.Entity.Core.EntityClient.Internal.EntityCommandDefinition.ExecuteStoreCommands(EntityCommand entityCommand, CommandBehavior behavior)
2021-12-09 13:10:09,529 [7] ERROR Go.SMSA.Services.WebServices.SimService - One or more errors occurred. System.Data.Entity.Core.EntityCommandExecutionException: An error occurred while executing the command definition. See the inner exception for details. ---> Oracle.ManagedDataAccess.Client.OracleException: ORA-06550: line 1, column 7:
PLS-00201: identifier 'CADB.EQUIPMENT_SIM_DETAILS' must be declared
ORA-06550: line 1, column 7:
PL/SQL: Statement ignored
   at OracleInternal.ServiceObjects.OracleConnectionImpl.VerifyExecution(Int32& cursorId, Boolean bThrowArrayBindRelatedErrors, SqlStatementType sqlStatementType, Int32 arrayBindCount, OracleException& exceptionForArrayBindDML, Boolean& hasMoreRowsInDB, Boolean bFirstIterationDone)
   at OracleInternal.ServiceObjects.OracleCommandImpl.ExecuteReader(String commandText, OracleParameterCollection paramColl, CommandType commandType, OracleConnectionImpl connectionImpl, OracleDataReaderImpl& rdrImpl, Int32 longFetchSize, Int64 clientInitialLOBFS, OracleDependencyImpl orclDependencyImpl, Int64[] scnForExecution, Int64[]& scnFromExecution, OracleParameterCollection& bindByPositionParamColl, Boolean& bBindParamPresent, Int64& internalInitialLOBFS, Int64 internalInitialJSONFS, OracleException& exceptionForArrayBindDML, OracleConnection connection, OracleLogicalTransaction& oracleLogicalTransaction, IEnumerable`1 adrianParsedStmt, Boolean isDescribeOnly, Boolean isFromEF)
   at Oracle.ManagedDataAccess.Client.OracleCommand.ExecuteReader(Boolean requery, Boolean fillRequest, CommandBehavior behavior)
   at Oracle.ManagedDataAccess.Client.OracleCommand.ExecuteDbDataReader(CommandBehavior behavior)
   at System.Data.Common.DbCommand.ExecuteReader(CommandBehavior behavior)
   at System.Data.Entity.Infrastructure.Interception.DbCommandDispatcher.<>c__DisplayClassb.<Reader>b__8()
   at System.Data.Entity.Infrastructure.Interception.InternalDispatcher`1.Dispatch[TInterceptionContext,TResult](Func`1 operation, TInterceptionContext interceptionContext, Action`1 executing, Action`1 executed)
   at System.Data.Entity.Infrastructure.Interception.DbCommandDispatcher.Reader(DbCommand command, DbCommandInterceptionContext interceptionContext)
   at System.Data.Entity.Internal.InterceptableDbCommand.ExecuteDbDataReader(CommandBehavior behavior)
   at System.Data.Common.DbCommand.ExecuteReader(CommandBehavior behavior)
   at System.Data.Entity.Core.EntityClient.Internal.EntityCommandDefinition.ExecuteStoreCommands(EntityCommand entityCommand, CommandBehavior behavior)
   --- End of inner exception stack trace ---
   at Go.SMSA.Services.SMSAService.<GetSIMDetails>d__7.MoveNext() in D:\GoRepo\HyperPaySolution\GONetRepo\DotNetApps\Go.SMSA.Services\SMSAService.cs:line 266
2021-12-09 13:18:32,042 [6] ERROR Go.SMSA.Services.SMSAService - An error occurred while executing the command definition. See the inner exception for details. Oracle.ManagedDataAccess.Client.OracleException (0x80004005): ORA-06550: line 1, column 7:
PLS-00201: identifier 'CADB.EQUIPMENT_SIM_DETAILS' must be declared
ORA-06550: line 1, column 7:
PL/SQL: Statement ignored
   at OracleInternal.ServiceObjects.OracleConnectionImpl.VerifyExecution(Int32& cursorId, Boolean bThrowArrayBindRelatedErrors, SqlStatementType sqlStatementType, Int32 arrayBindCount, OracleException& exceptionForArrayBindDML, Boolean& hasMoreRowsInDB, Boolean bFirstIterationDone)
   at OracleInternal.ServiceObjects.OracleCommandImpl.ExecuteReader(String commandText, OracleParameterCollection paramColl, CommandType commandType, OracleConnectionImpl connectionImpl, OracleDataReaderImpl& rdrImpl, Int32 longFetchSize, Int64 clientInitialLOBFS, OracleDependencyImpl orclDependencyImpl, Int64[] scnForExecution, Int64[]& scnFromExecution, OracleParameterCollection& bindByPositionParamColl, Boolean& bBindParamPresent, Int64& internalInitialLOBFS, Int64 internalInitialJSONFS, OracleException& exceptionForArrayBindDML, OracleConnection connection, OracleLogicalTransaction& oracleLogicalTransaction, IEnumerable`1 adrianParsedStmt, Boolean isDescribeOnly, Boolean isFromEF)
   at Oracle.ManagedDataAccess.Client.OracleCommand.ExecuteReader(Boolean requery, Boolean fillRequest, CommandBehavior behavior)
   at Oracle.ManagedDataAccess.Client.OracleCommand.ExecuteDbDataReader(CommandBehavior behavior)
   at System.Data.Common.DbCommand.ExecuteReader(CommandBehavior behavior)
   at System.Data.Entity.Infrastructure.Interception.DbCommandDispatcher.<>c__DisplayClassb.<Reader>b__8()
   at System.Data.Entity.Infrastructure.Interception.InternalDispatcher`1.Dispatch[TInterceptionContext,TResult](Func`1 operation, TInterceptionContext interceptionContext, Action`1 executing, Action`1 executed)
   at System.Data.Entity.Infrastructure.Interception.DbCommandDispatcher.Reader(DbCommand command, DbCommandInterceptionContext interceptionContext)
   at System.Data.Entity.Internal.InterceptableDbCommand.ExecuteDbDataReader(CommandBehavior behavior)
   at System.Data.Common.DbCommand.ExecuteReader(CommandBehavior behavior)
   at System.Data.Entity.Core.EntityClient.Internal.EntityCommandDefinition.ExecuteStoreCommands(EntityCommand entityCommand, CommandBehavior behavior)
2021-12-09 13:18:32,203 [6] ERROR Go.SMSA.Services.WebServices.SimService - One or more errors occurred. System.Data.Entity.Core.EntityCommandExecutionException: An error occurred while executing the command definition. See the inner exception for details. ---> Oracle.ManagedDataAccess.Client.OracleException: ORA-06550: line 1, column 7:
PLS-00201: identifier 'CADB.EQUIPMENT_SIM_DETAILS' must be declared
ORA-06550: line 1, column 7:
PL/SQL: Statement ignored
   at OracleInternal.ServiceObjects.OracleConnectionImpl.VerifyExecution(Int32& cursorId, Boolean bThrowArrayBindRelatedErrors, SqlStatementType sqlStatementType, Int32 arrayBindCount, OracleException& exceptionForArrayBindDML, Boolean& hasMoreRowsInDB, Boolean bFirstIterationDone)
   at OracleInternal.ServiceObjects.OracleCommandImpl.ExecuteReader(String commandText, OracleParameterCollection paramColl, CommandType commandType, OracleConnectionImpl connectionImpl, OracleDataReaderImpl& rdrImpl, Int32 longFetchSize, Int64 clientInitialLOBFS, OracleDependencyImpl orclDependencyImpl, Int64[] scnForExecution, Int64[]& scnFromExecution, OracleParameterCollection& bindByPositionParamColl, Boolean& bBindParamPresent, Int64& internalInitialLOBFS, Int64 internalInitialJSONFS, OracleException& exceptionForArrayBindDML, OracleConnection connection, OracleLogicalTransaction& oracleLogicalTransaction, IEnumerable`1 adrianParsedStmt, Boolean isDescribeOnly, Boolean isFromEF)
   at Oracle.ManagedDataAccess.Client.OracleCommand.ExecuteReader(Boolean requery, Boolean fillRequest, CommandBehavior behavior)
   at Oracle.ManagedDataAccess.Client.OracleCommand.ExecuteDbDataReader(CommandBehavior behavior)
   at System.Data.Common.DbCommand.ExecuteReader(CommandBehavior behavior)
   at System.Data.Entity.Infrastructure.Interception.DbCommandDispatcher.<>c__DisplayClassb.<Reader>b__8()
   at System.Data.Entity.Infrastructure.Interception.InternalDispatcher`1.Dispatch[TInterceptionContext,TResult](Func`1 operation, TInterceptionContext interceptionContext, Action`1 executing, Action`1 executed)
   at System.Data.Entity.Infrastructure.Interception.DbCommandDispatcher.Reader(DbCommand command, DbCommandInterceptionContext interceptionContext)
   at System.Data.Entity.Internal.InterceptableDbCommand.ExecuteDbDataReader(CommandBehavior behavior)
   at System.Data.Common.DbCommand.ExecuteReader(CommandBehavior behavior)
   at System.Data.Entity.Core.EntityClient.Internal.EntityCommandDefinition.ExecuteStoreCommands(EntityCommand entityCommand, CommandBehavior behavior)
   --- End of inner exception stack trace ---
   at Go.SMSA.Services.SMSAService.<GetSIMDetails>d__7.MoveNext() in D:\GoRepo\HyperPaySolution\GONetRepo\DotNetApps\Go.SMSA.Services\SMSAService.cs:line 266
2021-12-09 13:20:27,528 [6] ERROR Go.SMSA.Services.SMSAService - The container 'CADB' specified for the FunctionImport could not be found in the current workspace. 
2021-12-09 13:20:27,999 [6] ERROR Go.SMSA.Services.WebServices.SimService - One or more errors occurred. System.InvalidOperationException: The container 'CADB' specified for the FunctionImport could not be found in the current workspace.
   at Go.SMSA.Services.SMSAService.<GetSIMDetails>d__7.MoveNext() in D:\GoRepo\HyperPaySolution\GONetRepo\DotNetApps\Go.SMSA.Services\SMSAService.cs:line 266
2021-12-09 13:38:52,042 [6] ERROR Go.SMSA.Services.SMSAService - An error occurred while executing the command definition. See the inner exception for details. Oracle.ManagedDataAccess.Client.OracleException (0x80004005): ORA-06550: line 1, column 7:
PLS-00201: identifier 'CADB.EQUIPMENT_SIM_DETAILS' must be declared
ORA-06550: line 1, column 7:
PL/SQL: Statement ignored
   at OracleInternal.ServiceObjects.OracleConnectionImpl.VerifyExecution(Int32& cursorId, Boolean bThrowArrayBindRelatedErrors, SqlStatementType sqlStatementType, Int32 arrayBindCount, OracleException& exceptionForArrayBindDML, Boolean& hasMoreRowsInDB, Boolean bFirstIterationDone)
   at OracleInternal.ServiceObjects.OracleCommandImpl.ExecuteReader(String commandText, OracleParameterCollection paramColl, CommandType commandType, OracleConnectionImpl connectionImpl, OracleDataReaderImpl& rdrImpl, Int32 longFetchSize, Int64 clientInitialLOBFS, OracleDependencyImpl orclDependencyImpl, Int64[] scnForExecution, Int64[]& scnFromExecution, OracleParameterCollection& bindByPositionParamColl, Boolean& bBindParamPresent, Int64& internalInitialLOBFS, Int64 internalInitialJSONFS, OracleException& exceptionForArrayBindDML, OracleConnection connection, OracleLogicalTransaction& oracleLogicalTransaction, IEnumerable`1 adrianParsedStmt, Boolean isDescribeOnly, Boolean isFromEF)
   at Oracle.ManagedDataAccess.Client.OracleCommand.ExecuteReader(Boolean requery, Boolean fillRequest, CommandBehavior behavior)
   at Oracle.ManagedDataAccess.Client.OracleCommand.ExecuteDbDataReader(CommandBehavior behavior)
   at System.Data.Common.DbCommand.ExecuteReader(CommandBehavior behavior)
   at System.Data.Entity.Infrastructure.Interception.DbCommandDispatcher.<>c__DisplayClassb.<Reader>b__8()
   at System.Data.Entity.Infrastructure.Interception.InternalDispatcher`1.Dispatch[TInterceptionContext,TResult](Func`1 operation, TInterceptionContext interceptionContext, Action`1 executing, Action`1 executed)
   at System.Data.Entity.Infrastructure.Interception.DbCommandDispatcher.Reader(DbCommand command, DbCommandInterceptionContext interceptionContext)
   at System.Data.Entity.Internal.InterceptableDbCommand.ExecuteDbDataReader(CommandBehavior behavior)
   at System.Data.Common.DbCommand.ExecuteReader(CommandBehavior behavior)
   at System.Data.Entity.Core.EntityClient.Internal.EntityCommandDefinition.ExecuteStoreCommands(EntityCommand entityCommand, CommandBehavior behavior)
2021-12-09 13:38:52,303 [6] ERROR Go.SMSA.Services.WebServices.SimService - One or more errors occurred. System.Data.Entity.Core.EntityCommandExecutionException: An error occurred while executing the command definition. See the inner exception for details. ---> Oracle.ManagedDataAccess.Client.OracleException: ORA-06550: line 1, column 7:
PLS-00201: identifier 'CADB.EQUIPMENT_SIM_DETAILS' must be declared
ORA-06550: line 1, column 7:
PL/SQL: Statement ignored
   at OracleInternal.ServiceObjects.OracleConnectionImpl.VerifyExecution(Int32& cursorId, Boolean bThrowArrayBindRelatedErrors, SqlStatementType sqlStatementType, Int32 arrayBindCount, OracleException& exceptionForArrayBindDML, Boolean& hasMoreRowsInDB, Boolean bFirstIterationDone)
   at OracleInternal.ServiceObjects.OracleCommandImpl.ExecuteReader(String commandText, OracleParameterCollection paramColl, CommandType commandType, OracleConnectionImpl connectionImpl, OracleDataReaderImpl& rdrImpl, Int32 longFetchSize, Int64 clientInitialLOBFS, OracleDependencyImpl orclDependencyImpl, Int64[] scnForExecution, Int64[]& scnFromExecution, OracleParameterCollection& bindByPositionParamColl, Boolean& bBindParamPresent, Int64& internalInitialLOBFS, Int64 internalInitialJSONFS, OracleException& exceptionForArrayBindDML, OracleConnection connection, OracleLogicalTransaction& oracleLogicalTransaction, IEnumerable`1 adrianParsedStmt, Boolean isDescribeOnly, Boolean isFromEF)
   at Oracle.ManagedDataAccess.Client.OracleCommand.ExecuteReader(Boolean requery, Boolean fillRequest, CommandBehavior behavior)
   at Oracle.ManagedDataAccess.Client.OracleCommand.ExecuteDbDataReader(CommandBehavior behavior)
   at System.Data.Common.DbCommand.ExecuteReader(CommandBehavior behavior)
   at System.Data.Entity.Infrastructure.Interception.DbCommandDispatcher.<>c__DisplayClassb.<Reader>b__8()
   at System.Data.Entity.Infrastructure.Interception.InternalDispatcher`1.Dispatch[TInterceptionContext,TResult](Func`1 operation, TInterceptionContext interceptionContext, Action`1 executing, Action`1 executed)
   at System.Data.Entity.Infrastructure.Interception.DbCommandDispatcher.Reader(DbCommand command, DbCommandInterceptionContext interceptionContext)
   at System.Data.Entity.Internal.InterceptableDbCommand.ExecuteDbDataReader(CommandBehavior behavior)
   at System.Data.Common.DbCommand.ExecuteReader(CommandBehavior behavior)
   at System.Data.Entity.Core.EntityClient.Internal.EntityCommandDefinition.ExecuteStoreCommands(EntityCommand entityCommand, CommandBehavior behavior)
   --- End of inner exception stack trace ---
   at Go.SMSA.Services.SMSAService.<GetSIMDetails>d__7.MoveNext() in D:\GoRepo\HyperPaySolution\GONetRepo\DotNetApps\Go.SMSA.Services\SMSAService.cs:line 266
